------------------------------
wchen:~/learn/expjs/mets-server$ npm init
This utility will walk you through creating a package.json file.
It only covers the most common items, and tries to guess sensible defaults.

See `npm help json` for definitive documentation on these fields
and exactly what they do.

Use `npm install <pkg> --save` afterwards to install a package and
save it as a dependency in the package.json file.

Press ^C at any time to quit.
name: (mets-server) 
version: (1.0.0) 
description: provide apis for mets.
entry point: (index.js) app.js
test command: mytest
git repository: 
keywords: 
author: 
license: (ISC) 
About to write to /home/wchen/learn/expjs/mets-server/package.json:

{
  "name": "mets-server",
  "version": "1.0.0",
  "description": "provide apis for mets.",
  "main": "app.js",
  "scripts": {
    "test": "mytest"
  },
  "author": "",
  "license": "ISC"
}


Is this ok? (yes) yes


------------------------------

wchen:~/learn/expjs/mets-server$ npm install express -save
mets-server@1.0.0 /home/wchen/learn/expjs/mets-server
└─┬ express@4.14.0 
  ├─┬ accepts@1.3.3 
  │ ├─┬ mime-types@2.1.12 
  │ │ └── mime-db@1.24.0 
  │ └── negotiator@0.6.1 
  ├── array-flatten@1.1.1 
  ├── content-disposition@0.5.1 
  ├── content-type@1.0.2 
  ├── cookie@0.3.1 
  ├── cookie-signature@1.0.6 
  ├─┬ debug@2.2.0 
  │ └── ms@0.7.1 
  ├── depd@1.1.0 
  ├── encodeurl@1.0.1 
  ├── escape-html@1.0.3 
  ├── etag@1.7.0 
  ├─┬ finalhandler@0.5.0 
  │ ├── statuses@1.3.1 
  │ └── unpipe@1.0.0 
  ├── fresh@0.3.0 
  ├── merge-descriptors@1.0.1 
  ├── methods@1.1.2 
  ├─┬ on-finished@2.3.0 
  │ └── ee-first@1.1.1 
  ├── parseurl@1.3.1 
  ├── path-to-regexp@0.1.7 
  ├─┬ proxy-addr@1.1.2 
  │ ├── forwarded@0.1.0 
  │ └── ipaddr.js@1.1.1 
  ├── qs@6.2.0 
  ├── range-parser@1.2.0 
  ├─┬ send@0.14.1 
  │ ├── destroy@1.0.4 
  │ ├─┬ http-errors@1.5.1 
  │ │ ├── inherits@2.0.3 
  │ │ └── setprototypeof@1.0.2 
  │ └── mime@1.3.4 
  ├── serve-static@1.11.1 
  ├─┬ type-is@1.6.13 
  │ └── media-typer@0.3.0 
  ├── utils-merge@1.0.0 
  └── vary@1.1.0 

npm WARN mets-server@1.0.0 No repository field.


------------------------------
wchen:~/learn/expjs/mets-server$ npm install q --save
mets-server@1.0.0 /home/wchen/learn/expjs/mets-server
└── q@1.4.1 

npm WARN mets-server@1.0.0 No repository field.
