0 info it worked if it ends with ok
1 verbose cli [ '/usr/bin/nodejs',
1 verbose cli   '/usr/bin/npm',
1 verbose cli   'install',
1 verbose cli   'oracledb',
1 verbose cli   '--save' ]
2 info using npm@3.10.8
3 info using node@v6.9.1
4 silly loadCurrentTree Starting
5 silly install loadCurrentTree
6 silly install readLocalPackageData
7 silly fetchPackageMetaData oracledb
8 silly fetchNamedPackageData oracledb
9 silly mapToRegistry name oracledb
10 silly mapToRegistry using default registry
11 silly mapToRegistry registry https://registry.npmjs.org/
12 silly mapToRegistry data Result {
12 silly mapToRegistry   raw: 'oracledb',
12 silly mapToRegistry   scope: null,
12 silly mapToRegistry   escapedName: 'oracledb',
12 silly mapToRegistry   name: 'oracledb',
12 silly mapToRegistry   rawSpec: '',
12 silly mapToRegistry   spec: 'latest',
12 silly mapToRegistry   type: 'tag' }
13 silly mapToRegistry uri https://registry.npmjs.org/oracledb
14 verbose request uri https://registry.npmjs.org/oracledb
15 verbose request no auth needed
16 info attempt registry request try #1 at 1:31:45 PM
17 verbose request id 7c98b3c3e495821a
18 http request GET https://registry.npmjs.org/oracledb
19 http 200 https://registry.npmjs.org/oracledb
20 verbose headers { server: 'nginx/1.10.1',
20 verbose headers   'content-type': 'application/json',
20 verbose headers   'last-modified': 'Sun, 06 Nov 2016 10:43:54 GMT',
20 verbose headers   etag: 'W/"581f096a-a139"',
20 verbose headers   'content-encoding': 'gzip',
20 verbose headers   'cache-control': 'max-age=300',
20 verbose headers   'content-length': '6169',
20 verbose headers   'accept-ranges': 'bytes',
20 verbose headers   date: 'Thu, 17 Nov 2016 18:31:45 GMT',
20 verbose headers   via: '1.1 varnish',
20 verbose headers   age: '0',
20 verbose headers   connection: 'keep-alive',
20 verbose headers   'x-served-by': 'cache-atl6244-ATL',
20 verbose headers   'x-cache': 'HIT',
20 verbose headers   'x-cache-hits': '1',
20 verbose headers   'x-timer': 'S1479407505.563116,VS0,VE41',
20 verbose headers   vary: 'Accept-Encoding' }
21 silly get cb [ 200,
21 silly get   { server: 'nginx/1.10.1',
21 silly get     'content-type': 'application/json',
21 silly get     'last-modified': 'Sun, 06 Nov 2016 10:43:54 GMT',
21 silly get     etag: 'W/"581f096a-a139"',
21 silly get     'content-encoding': 'gzip',
21 silly get     'cache-control': 'max-age=300',
21 silly get     'content-length': '6169',
21 silly get     'accept-ranges': 'bytes',
21 silly get     date: 'Thu, 17 Nov 2016 18:31:45 GMT',
21 silly get     via: '1.1 varnish',
21 silly get     age: '0',
21 silly get     connection: 'keep-alive',
21 silly get     'x-served-by': 'cache-atl6244-ATL',
21 silly get     'x-cache': 'HIT',
21 silly get     'x-cache-hits': '1',
21 silly get     'x-timer': 'S1479407505.563116,VS0,VE41',
21 silly get     vary: 'Accept-Encoding' } ]
22 verbose get saving oracledb to /home/wchen/.npm/registry.npmjs.org/oracledb/.cache.json
23 verbose correctMkdir /home/wchen/.npm correctMkdir not in flight; initializing
24 silly install normalizeTree
25 silly loadCurrentTree Finishing
26 silly loadIdealTree Starting
27 silly install loadIdealTree
28 silly cloneCurrentTree Starting
29 silly install cloneCurrentTreeToIdealTree
30 silly cloneCurrentTree Finishing
31 silly loadShrinkwrap Starting
32 silly install loadShrinkwrap
33 silly loadShrinkwrap Finishing
34 silly loadAllDepsIntoIdealTree Starting
35 silly install loadAllDepsIntoIdealTree
36 silly resolveWithNewModule oracledb@1.11.0 checking installable status
37 silly cache add args [ 'oracledb', null ]
38 verbose cache add spec oracledb
39 silly cache add parsed spec Result {
39 silly cache add   raw: 'oracledb',
39 silly cache add   scope: null,
39 silly cache add   escapedName: 'oracledb',
39 silly cache add   name: 'oracledb',
39 silly cache add   rawSpec: '',
39 silly cache add   spec: 'latest',
39 silly cache add   type: 'tag' }
40 silly addNamed oracledb@latest
41 verbose addNamed "latest" is being treated as a dist-tag for oracledb
42 info addNameTag [ 'oracledb', 'latest' ]
43 silly mapToRegistry name oracledb
44 silly mapToRegistry using default registry
45 silly mapToRegistry registry https://registry.npmjs.org/
46 silly mapToRegistry data Result {
46 silly mapToRegistry   raw: 'oracledb',
46 silly mapToRegistry   scope: null,
46 silly mapToRegistry   escapedName: 'oracledb',
46 silly mapToRegistry   name: 'oracledb',
46 silly mapToRegistry   rawSpec: '',
46 silly mapToRegistry   spec: 'latest',
46 silly mapToRegistry   type: 'tag' }
47 silly mapToRegistry uri https://registry.npmjs.org/oracledb
48 verbose addNameTag registry:https://registry.npmjs.org/oracledb not in flight; fetching
49 verbose get https://registry.npmjs.org/oracledb not expired, no request
50 silly addNameTag next cb for oracledb with tag latest
51 silly addNamed oracledb@1.11.0
52 verbose addNamed "1.11.0" is a plain semver version for oracledb
53 silly mapToRegistry name oracledb
54 silly mapToRegistry using default registry
55 silly mapToRegistry registry https://registry.npmjs.org/
56 silly mapToRegistry data Result {
56 silly mapToRegistry   raw: 'oracledb',
56 silly mapToRegistry   scope: null,
56 silly mapToRegistry   escapedName: 'oracledb',
56 silly mapToRegistry   name: 'oracledb',
56 silly mapToRegistry   rawSpec: '',
56 silly mapToRegistry   spec: 'latest',
56 silly mapToRegistry   type: 'tag' }
57 silly mapToRegistry uri https://registry.npmjs.org/oracledb
58 verbose addRemoteTarball https://registry.npmjs.org/oracledb/-/oracledb-1.11.0.tgz not in flight; adding
59 verbose addRemoteTarball [ 'https://registry.npmjs.org/oracledb/-/oracledb-1.11.0.tgz',
59 verbose addRemoteTarball   '847655885f3b0f0e1359ac314b89bb6a6db9e2f0' ]
60 info retry fetch attempt 1 at 1:31:45 PM
61 info attempt registry request try #1 at 1:31:45 PM
62 http fetch GET https://registry.npmjs.org/oracledb/-/oracledb-1.11.0.tgz
63 http fetch 200 https://registry.npmjs.org/oracledb/-/oracledb-1.11.0.tgz
64 silly fetchAndShaCheck shasum 847655885f3b0f0e1359ac314b89bb6a6db9e2f0
65 verbose addTmpTarball /tmp/npm-20753-5de5abbe/registry.npmjs.org/oracledb/-/oracledb-1.11.0.tgz not in flight; adding
66 verbose addTmpTarball already have metadata; skipping unpack for oracledb@1.11.0
67 verbose correctMkdir /home/wchen/.npm correctMkdir not in flight; initializing
68 silly cache afterAdd oracledb@1.11.0
69 verbose afterAdd /home/wchen/.npm/oracledb/1.11.0/package/package.json not in flight; writing
70 verbose correctMkdir /home/wchen/.npm correctMkdir not in flight; initializing
71 verbose afterAdd /home/wchen/.npm/oracledb/1.11.0/package/package.json written
72 silly fetchNamedPackageData nan
73 silly mapToRegistry name nan
74 silly mapToRegistry using default registry
75 silly mapToRegistry registry https://registry.npmjs.org/
76 silly mapToRegistry data Result {
76 silly mapToRegistry   raw: 'nan',
76 silly mapToRegistry   scope: null,
76 silly mapToRegistry   escapedName: 'nan',
76 silly mapToRegistry   name: 'nan',
76 silly mapToRegistry   rawSpec: '',
76 silly mapToRegistry   spec: 'latest',
76 silly mapToRegistry   type: 'tag' }
77 silly mapToRegistry uri https://registry.npmjs.org/nan
78 verbose request uri https://registry.npmjs.org/nan
79 verbose request no auth needed
80 info attempt registry request try #1 at 1:31:45 PM
81 http request GET https://registry.npmjs.org/nan
82 http 200 https://registry.npmjs.org/nan
83 verbose headers { server: 'nginx/1.10.1',
83 verbose headers   'content-type': 'application/json',
83 verbose headers   'last-modified': 'Tue, 01 Nov 2016 17:56:25 GMT',
83 verbose headers   etag: 'W/"5818d749-1ce1e"',
83 verbose headers   'content-encoding': 'gzip',
83 verbose headers   'cache-control': 'max-age=300',
83 verbose headers   'content-length': '14063',
83 verbose headers   'accept-ranges': 'bytes',
83 verbose headers   date: 'Thu, 17 Nov 2016 18:31:45 GMT',
83 verbose headers   via: '1.1 varnish',
83 verbose headers   age: '83',
83 verbose headers   connection: 'keep-alive',
83 verbose headers   'x-served-by': 'cache-atl6244-ATL',
83 verbose headers   'x-cache': 'HIT',
83 verbose headers   'x-cache-hits': '1',
83 verbose headers   'x-timer': 'S1479407505.883576,VS0,VE0',
83 verbose headers   vary: 'Accept-Encoding' }
84 silly get cb [ 200,
84 silly get   { server: 'nginx/1.10.1',
84 silly get     'content-type': 'application/json',
84 silly get     'last-modified': 'Tue, 01 Nov 2016 17:56:25 GMT',
84 silly get     etag: 'W/"5818d749-1ce1e"',
84 silly get     'content-encoding': 'gzip',
84 silly get     'cache-control': 'max-age=300',
84 silly get     'content-length': '14063',
84 silly get     'accept-ranges': 'bytes',
84 silly get     date: 'Thu, 17 Nov 2016 18:31:45 GMT',
84 silly get     via: '1.1 varnish',
84 silly get     age: '83',
84 silly get     connection: 'keep-alive',
84 silly get     'x-served-by': 'cache-atl6244-ATL',
84 silly get     'x-cache': 'HIT',
84 silly get     'x-cache-hits': '1',
84 silly get     'x-timer': 'S1479407505.883576,VS0,VE0',
84 silly get     vary: 'Accept-Encoding' } ]
85 verbose get saving nan to /home/wchen/.npm/registry.npmjs.org/nan/.cache.json
86 verbose correctMkdir /home/wchen/.npm correctMkdir not in flight; initializing
87 silly resolveWithNewModule nan@2.3.5 checking installable status
88 silly cache add args [ 'nan@~2.3.0', null ]
89 verbose cache add spec nan@~2.3.0
90 silly cache add parsed spec Result {
90 silly cache add   raw: 'nan@~2.3.0',
90 silly cache add   scope: null,
90 silly cache add   escapedName: 'nan',
90 silly cache add   name: 'nan',
90 silly cache add   rawSpec: '~2.3.0',
90 silly cache add   spec: '>=2.3.0 <2.4.0',
90 silly cache add   type: 'range' }
91 silly addNamed nan@>=2.3.0 <2.4.0
92 verbose addNamed ">=2.3.0 <2.4.0" is a valid semver range for nan
93 silly addNameRange { name: 'nan', range: '>=2.3.0 <2.4.0', hasData: false }
94 silly mapToRegistry name nan
95 silly mapToRegistry using default registry
96 silly mapToRegistry registry https://registry.npmjs.org/
97 silly mapToRegistry data Result {
97 silly mapToRegistry   raw: 'nan',
97 silly mapToRegistry   scope: null,
97 silly mapToRegistry   escapedName: 'nan',
97 silly mapToRegistry   name: 'nan',
97 silly mapToRegistry   rawSpec: '',
97 silly mapToRegistry   spec: 'latest',
97 silly mapToRegistry   type: 'tag' }
98 silly mapToRegistry uri https://registry.npmjs.org/nan
99 verbose addNameRange registry:https://registry.npmjs.org/nan not in flight; fetching
100 verbose get https://registry.npmjs.org/nan not expired, no request
101 silly addNameRange number 2 { name: 'nan', range: '>=2.3.0 <2.4.0', hasData: true }
102 silly addNameRange versions [ 'nan',
102 silly addNameRange   [ '0.3.0-wip',
102 silly addNameRange     '0.3.0-wip2',
102 silly addNameRange     '0.3.0',
102 silly addNameRange     '0.3.1',
102 silly addNameRange     '0.3.2',
102 silly addNameRange     '0.4.0',
102 silly addNameRange     '0.4.1',
102 silly addNameRange     '0.4.2',
102 silly addNameRange     '0.4.3',
102 silly addNameRange     '0.4.4',
102 silly addNameRange     '0.5.0',
102 silly addNameRange     '0.5.1',
102 silly addNameRange     '0.5.2',
102 silly addNameRange     '0.6.0',
102 silly addNameRange     '0.7.0',
102 silly addNameRange     '0.7.1',
102 silly addNameRange     '0.8.0',
102 silly addNameRange     '1.0.0',
102 silly addNameRange     '1.1.0',
102 silly addNameRange     '1.1.1',
102 silly addNameRange     '1.1.2',
102 silly addNameRange     '1.2.0',
102 silly addNameRange     '1.3.0',
102 silly addNameRange     '1.4.0',
102 silly addNameRange     '1.4.1',
102 silly addNameRange     '1.5.0',
102 silly addNameRange     '1.4.2',
102 silly addNameRange     '1.4.3',
102 silly addNameRange     '1.5.1',
102 silly addNameRange     '1.5.2',
102 silly addNameRange     '1.6.0',
102 silly addNameRange     '1.5.3',
102 silly addNameRange     '1.6.1',
102 silly addNameRange     '1.6.2',
102 silly addNameRange     '1.7.0',
102 silly addNameRange     '1.8.0',
102 silly addNameRange     '1.8.1',
102 silly addNameRange     '1.8.2',
102 silly addNameRange     '1.8.3',
102 silly addNameRange     '1.8.4',
102 silly addNameRange     '1.9.0',
102 silly addNameRange     '2.0.0',
102 silly addNameRange     '2.0.1',
102 silly addNameRange     '2.0.2',
102 silly addNameRange     '2.0.3',
102 silly addNameRange     '2.0.4',
102 silly addNameRange     '2.0.5',
102 silly addNameRange     '2.0.6',
102 silly addNameRange     '2.0.7',
102 silly addNameRange     '2.0.8',
102 silly addNameRange     '2.0.9',
102 silly addNameRange     '2.1.0',
102 silly addNameRange     '2.2.0',
102 silly addNameRange     '2.2.1',
102 silly addNameRange     '2.3.0',
102 silly addNameRange     '2.3.1',
102 silly addNameRange     '2.3.2',
102 silly addNameRange     '2.3.3',
102 silly addNameRange     '2.3.4',
102 silly addNameRange     '2.3.5',
102 silly addNameRange     '2.4.0' ] ]
103 silly addNamed nan@2.3.5
104 verbose addNamed "2.3.5" is a plain semver version for nan
105 silly mapToRegistry name nan
106 silly mapToRegistry using default registry
107 silly mapToRegistry registry https://registry.npmjs.org/
108 silly mapToRegistry data Result {
108 silly mapToRegistry   raw: 'nan',
108 silly mapToRegistry   scope: null,
108 silly mapToRegistry   escapedName: 'nan',
108 silly mapToRegistry   name: 'nan',
108 silly mapToRegistry   rawSpec: '',
108 silly mapToRegistry   spec: 'latest',
108 silly mapToRegistry   type: 'tag' }
109 silly mapToRegistry uri https://registry.npmjs.org/nan
110 verbose addRemoteTarball https://registry.npmjs.org/nan/-/nan-2.3.5.tgz not in flight; adding
111 verbose addRemoteTarball [ 'https://registry.npmjs.org/nan/-/nan-2.3.5.tgz',
111 verbose addRemoteTarball   '822a0dc266290ce4cd3a12282ca3e7e364668a08' ]
112 info retry fetch attempt 1 at 1:31:45 PM
113 info attempt registry request try #1 at 1:31:45 PM
114 http fetch GET https://registry.npmjs.org/nan/-/nan-2.3.5.tgz
115 http fetch 200 https://registry.npmjs.org/nan/-/nan-2.3.5.tgz
116 silly fetchAndShaCheck shasum 822a0dc266290ce4cd3a12282ca3e7e364668a08
117 verbose addTmpTarball /tmp/npm-20753-5de5abbe/registry.npmjs.org/nan/-/nan-2.3.5.tgz not in flight; adding
118 verbose addTmpTarball already have metadata; skipping unpack for nan@2.3.5
119 verbose correctMkdir /home/wchen/.npm correctMkdir not in flight; initializing
120 silly cache afterAdd nan@2.3.5
121 verbose afterAdd /home/wchen/.npm/nan/2.3.5/package/package.json not in flight; writing
122 verbose correctMkdir /home/wchen/.npm correctMkdir not in flight; initializing
123 verbose afterAdd /home/wchen/.npm/nan/2.3.5/package/package.json written
124 silly loadAllDepsIntoIdealTree Finishing
125 silly loadIdealTree Finishing
126 silly currentTree mets-server@1.0.0
126 silly currentTree ├── accepts@1.3.3
126 silly currentTree ├── array-flatten@1.1.1
126 silly currentTree ├── content-disposition@0.5.1
126 silly currentTree ├── content-type@1.0.2
126 silly currentTree ├── cookie-signature@1.0.6
126 silly currentTree ├── cookie@0.3.1
126 silly currentTree ├── debug@2.2.0
126 silly currentTree ├── depd@1.1.0
126 silly currentTree ├── destroy@1.0.4
126 silly currentTree ├── ee-first@1.1.1
126 silly currentTree ├── encodeurl@1.0.1
126 silly currentTree ├── escape-html@1.0.3
126 silly currentTree ├── etag@1.7.0
126 silly currentTree ├── express@4.14.0
126 silly currentTree ├── finalhandler@0.5.0
126 silly currentTree ├── forwarded@0.1.0
126 silly currentTree ├── fresh@0.3.0
126 silly currentTree ├── http-errors@1.5.1
126 silly currentTree ├── inherits@2.0.3
126 silly currentTree ├── ipaddr.js@1.1.1
126 silly currentTree ├── media-typer@0.3.0
126 silly currentTree ├── merge-descriptors@1.0.1
126 silly currentTree ├── methods@1.1.2
126 silly currentTree ├── mime-db@1.24.0
126 silly currentTree ├── mime-types@2.1.12
126 silly currentTree ├── mime@1.3.4
126 silly currentTree ├── ms@0.7.1
126 silly currentTree ├── negotiator@0.6.1
126 silly currentTree ├── on-finished@2.3.0
126 silly currentTree ├── parseurl@1.3.1
126 silly currentTree ├── path-to-regexp@0.1.7
126 silly currentTree ├── proxy-addr@1.1.2
126 silly currentTree ├── q@1.4.1
126 silly currentTree ├── qs@6.2.0
126 silly currentTree ├── range-parser@1.2.0
126 silly currentTree ├── send@0.14.1
126 silly currentTree ├── serve-static@1.11.1
126 silly currentTree ├── setprototypeof@1.0.2
126 silly currentTree ├── statuses@1.3.1
126 silly currentTree ├── type-is@1.6.13
126 silly currentTree ├── unpipe@1.0.0
126 silly currentTree ├── utils-merge@1.0.0
126 silly currentTree └── vary@1.1.0
127 silly idealTree mets-server@1.0.0
127 silly idealTree ├── accepts@1.3.3
127 silly idealTree ├── array-flatten@1.1.1
127 silly idealTree ├── content-disposition@0.5.1
127 silly idealTree ├── content-type@1.0.2
127 silly idealTree ├── cookie-signature@1.0.6
127 silly idealTree ├── cookie@0.3.1
127 silly idealTree ├── debug@2.2.0
127 silly idealTree ├── depd@1.1.0
127 silly idealTree ├── destroy@1.0.4
127 silly idealTree ├── ee-first@1.1.1
127 silly idealTree ├── encodeurl@1.0.1
127 silly idealTree ├── escape-html@1.0.3
127 silly idealTree ├── etag@1.7.0
127 silly idealTree ├── express@4.14.0
127 silly idealTree ├── finalhandler@0.5.0
127 silly idealTree ├── forwarded@0.1.0
127 silly idealTree ├── fresh@0.3.0
127 silly idealTree ├── http-errors@1.5.1
127 silly idealTree ├── inherits@2.0.3
127 silly idealTree ├── ipaddr.js@1.1.1
127 silly idealTree ├── media-typer@0.3.0
127 silly idealTree ├── merge-descriptors@1.0.1
127 silly idealTree ├── methods@1.1.2
127 silly idealTree ├── mime-db@1.24.0
127 silly idealTree ├── mime-types@2.1.12
127 silly idealTree ├── mime@1.3.4
127 silly idealTree ├── ms@0.7.1
127 silly idealTree ├── nan@2.3.5
127 silly idealTree ├── negotiator@0.6.1
127 silly idealTree ├── on-finished@2.3.0
127 silly idealTree ├── oracledb@1.11.0
127 silly idealTree ├── parseurl@1.3.1
127 silly idealTree ├── path-to-regexp@0.1.7
127 silly idealTree ├── proxy-addr@1.1.2
127 silly idealTree ├── q@1.4.1
127 silly idealTree ├── qs@6.2.0
127 silly idealTree ├── range-parser@1.2.0
127 silly idealTree ├── send@0.14.1
127 silly idealTree ├── serve-static@1.11.1
127 silly idealTree ├── setprototypeof@1.0.2
127 silly idealTree ├── statuses@1.3.1
127 silly idealTree ├── type-is@1.6.13
127 silly idealTree ├── unpipe@1.0.0
127 silly idealTree ├── utils-merge@1.0.0
127 silly idealTree └── vary@1.1.0
128 silly generateActionsToTake Starting
129 silly install generateActionsToTake
130 silly generateActionsToTake Finishing
131 silly diffTrees action count 2
132 silly diffTrees add nan@2.3.5
133 silly diffTrees add oracledb@1.11.0
134 silly decomposeActions action count 16
135 silly decomposeActions fetch nan@2.3.5
136 silly decomposeActions extract nan@2.3.5
137 silly decomposeActions test nan@2.3.5
138 silly decomposeActions preinstall nan@2.3.5
139 silly decomposeActions build nan@2.3.5
140 silly decomposeActions install nan@2.3.5
141 silly decomposeActions postinstall nan@2.3.5
142 silly decomposeActions finalize nan@2.3.5
143 silly decomposeActions fetch oracledb@1.11.0
144 silly decomposeActions extract oracledb@1.11.0
145 silly decomposeActions test oracledb@1.11.0
146 silly decomposeActions preinstall oracledb@1.11.0
147 silly decomposeActions build oracledb@1.11.0
148 silly decomposeActions install oracledb@1.11.0
149 silly decomposeActions postinstall oracledb@1.11.0
150 silly decomposeActions finalize oracledb@1.11.0
151 silly runTopLevelLifecycles Starting
152 silly executeActions Starting
153 silly install executeActions
154 silly doSerial global-install 0
155 silly doParallel fetch 2
156 verbose correctMkdir /home/wchen/.npm/_locks correctMkdir not in flight; initializing
157 verbose lock using /home/wchen/.npm/_locks/staging-02d37c4599aa9796.lock for /home/wchen/learn/expjs/mets-server/node_modules/.staging
158 silly doParallel extract 2
159 silly extract nan@2.3.5
160 silly extract oracledb@1.11.0
161 verbose unbuild node_modules/.staging/nan-affc03b9
162 verbose unbuild node_modules/.staging/oracledb-0611ac8a
163 silly gentlyRm /home/wchen/learn/expjs/mets-server/node_modules/.staging/nan-affc03b9 is being purged from base /home/wchen/learn/expjs/mets-server
164 verbose gentlyRm don't care about contents; nuking /home/wchen/learn/expjs/mets-server/node_modules/.staging/nan-affc03b9
165 silly gentlyRm /home/wchen/learn/expjs/mets-server/node_modules/.staging/oracledb-0611ac8a is being purged from base /home/wchen/learn/expjs/mets-server
166 verbose gentlyRm don't care about contents; nuking /home/wchen/learn/expjs/mets-server/node_modules/.staging/oracledb-0611ac8a
167 verbose tar unpack /home/wchen/.npm/nan/2.3.5/package.tgz
168 verbose tar unpacking to /home/wchen/learn/expjs/mets-server/node_modules/.staging/nan-affc03b9
169 silly gentlyRm /home/wchen/learn/expjs/mets-server/node_modules/.staging/nan-affc03b9 is being purged
170 verbose gentlyRm don't care about contents; nuking /home/wchen/learn/expjs/mets-server/node_modules/.staging/nan-affc03b9
171 verbose tar unpack /home/wchen/.npm/oracledb/1.11.0/package.tgz
172 verbose tar unpacking to /home/wchen/learn/expjs/mets-server/node_modules/.staging/oracledb-0611ac8a
173 silly gentlyRm /home/wchen/learn/expjs/mets-server/node_modules/.staging/oracledb-0611ac8a is being purged
174 verbose gentlyRm don't care about contents; nuking /home/wchen/learn/expjs/mets-server/node_modules/.staging/oracledb-0611ac8a
175 silly gunzTarPerm modes [ '775', '664' ]
176 silly gunzTarPerm modes [ '775', '664' ]
177 silly gunzTarPerm extractEntry package.json
178 silly gunzTarPerm extractEntry package.json
179 silly gunzTarPerm modified mode [ 'package.json', 420, 436 ]
180 silly gunzTarPerm extractEntry README.md
181 silly gunzTarPerm extractEntry include_dirs.js
182 silly gunzTarPerm extractEntry README.md
183 silly gunzTarPerm modified mode [ 'README.md', 420, 436 ]
184 silly gunzTarPerm extractEntry index.js
185 silly gunzTarPerm modified mode [ 'index.js', 420, 436 ]
186 silly gunzTarPerm extractEntry nan_converters.h
187 silly gunzTarPerm extractEntry LICENSE.md
188 silly gunzTarPerm extractEntry doc/node_misc.md
189 silly gunzTarPerm extractEntry CHANGELOG.md
190 silly gunzTarPerm modified mode [ 'CHANGELOG.md', 420, 436 ]
191 silly gunzTarPerm extractEntry LICENSE.md
192 silly gunzTarPerm modified mode [ 'LICENSE.md', 420, 436 ]
193 silly gunzTarPerm extractEntry doc/asyncworker.md
194 silly gunzTarPerm extractEntry binding.gyp
195 silly gunzTarPerm modified mode [ 'binding.gyp', 420, 436 ]
196 silly gunzTarPerm extractEntry lib/connection.js
197 silly gunzTarPerm modified mode [ 'lib/connection.js', 420, 436 ]
198 silly gunzTarPerm extractEntry doc/callback.md
199 silly gunzTarPerm extractEntry doc/converters.md
200 silly gunzTarPerm extractEntry lib/lob.js
201 silly gunzTarPerm modified mode [ 'lib/lob.js', 420, 436 ]
202 silly gunzTarPerm extractEntry lib/oracledb.js
203 silly gunzTarPerm modified mode [ 'lib/oracledb.js', 420, 436 ]
204 silly gunzTarPerm extractEntry doc/errors.md
205 silly gunzTarPerm extractEntry doc/maybe_types.md
206 silly gunzTarPerm extractEntry lib/pool.js
207 silly gunzTarPerm modified mode [ 'lib/pool.js', 420, 436 ]
208 silly gunzTarPerm extractEntry lib/querystream.js
209 silly gunzTarPerm modified mode [ 'lib/querystream.js', 420, 436 ]
210 silly gunzTarPerm extractEntry lib/resultset.js
211 silly gunzTarPerm modified mode [ 'lib/resultset.js', 420, 436 ]
212 silly gunzTarPerm extractEntry doc/methods.md
213 silly gunzTarPerm extractEntry doc/new.md
214 silly gunzTarPerm extractEntry lib/util.js
215 silly gunzTarPerm modified mode [ 'lib/util.js', 420, 436 ]
216 silly gunzTarPerm extractEntry src/dpi/include/dpi.h
217 silly gunzTarPerm modified mode [ 'src/dpi/include/dpi.h', 420, 436 ]
218 silly gunzTarPerm extractEntry doc/buffers.md
219 silly gunzTarPerm extractEntry doc/object_wrappers.md
220 silly gunzTarPerm extractEntry src/dpi/include/dpiCommon.h
221 silly gunzTarPerm modified mode [ 'src/dpi/include/dpiCommon.h', 420, 436 ]
222 silly gunzTarPerm extractEntry src/dpi/include/dpiConn.h
223 silly gunzTarPerm modified mode [ 'src/dpi/include/dpiConn.h', 420, 436 ]
224 silly gunzTarPerm extractEntry doc/persistent.md
225 silly gunzTarPerm extractEntry doc/scopes.md
226 silly gunzTarPerm extractEntry src/dpi/include/dpiDateTimeArray.h
227 silly gunzTarPerm modified mode [ 'src/dpi/include/dpiDateTimeArray.h', 420, 436 ]
228 silly gunzTarPerm extractEntry src/dpi/include/dpiEnv.h
229 silly gunzTarPerm modified mode [ 'src/dpi/include/dpiEnv.h', 420, 436 ]
230 silly gunzTarPerm extractEntry doc/script.md
231 silly gunzTarPerm extractEntry doc/string_bytes.md
232 silly gunzTarPerm extractEntry src/dpi/include/dpiException.h
233 silly gunzTarPerm modified mode [ 'src/dpi/include/dpiException.h', 420, 436 ]
234 silly gunzTarPerm extractEntry src/dpi/include/dpiLob.h
235 silly gunzTarPerm modified mode [ 'src/dpi/include/dpiLob.h', 420, 436 ]
236 silly gunzTarPerm extractEntry doc/v8_internals.md
237 silly gunzTarPerm extractEntry doc/v8_misc.md
238 silly gunzTarPerm extractEntry src/dpi/include/dpiPool.h
239 silly gunzTarPerm modified mode [ 'src/dpi/include/dpiPool.h', 420, 436 ]
240 silly gunzTarPerm extractEntry src/dpi/include/dpiStmt.h
241 silly gunzTarPerm modified mode [ 'src/dpi/include/dpiStmt.h', 420, 436 ]
242 silly gunzTarPerm extractEntry nan.h
243 silly gunzTarPerm extractEntry src/dpi/src/dpiExceptionImpl.cpp
244 silly gunzTarPerm modified mode [ 'src/dpi/src/dpiExceptionImpl.cpp', 420, 436 ]
245 silly gunzTarPerm extractEntry src/dpi/src/dpiCommon.cpp
246 silly gunzTarPerm modified mode [ 'src/dpi/src/dpiCommon.cpp', 420, 436 ]
247 silly gunzTarPerm extractEntry nan_callbacks.h
248 silly gunzTarPerm extractEntry nan_callbacks_12_inl.h
249 silly gunzTarPerm extractEntry nan_callbacks_pre_12_inl.h
250 silly gunzTarPerm extractEntry nan_converters_43_inl.h
251 silly gunzTarPerm extractEntry src/dpi/src/dpiConnImpl.h
252 silly gunzTarPerm modified mode [ 'src/dpi/src/dpiConnImpl.h', 420, 436 ]
253 silly gunzTarPerm extractEntry src/dpi/src/dpiDateTimeArrayImpl.cpp
254 silly gunzTarPerm modified mode [ 'src/dpi/src/dpiDateTimeArrayImpl.cpp', 420, 436 ]
255 silly gunzTarPerm extractEntry nan_converters_pre_43_inl.h
256 silly gunzTarPerm extractEntry nan_implementation_12_inl.h
257 silly gunzTarPerm extractEntry nan_implementation_pre_12_inl.h
258 silly gunzTarPerm extractEntry src/dpi/src/dpiDateTimeArrayImpl.h
259 silly gunzTarPerm modified mode [ 'src/dpi/src/dpiDateTimeArrayImpl.h', 420, 436 ]
260 silly gunzTarPerm extractEntry src/dpi/src/dpiEnv.cpp
261 silly gunzTarPerm modified mode [ 'src/dpi/src/dpiEnv.cpp', 420, 436 ]
262 silly gunzTarPerm extractEntry nan_maybe_43_inl.h
263 silly gunzTarPerm extractEntry src/dpi/src/dpiEnvImpl.cpp
264 silly gunzTarPerm modified mode [ 'src/dpi/src/dpiEnvImpl.cpp', 420, 436 ]
265 silly gunzTarPerm extractEntry src/dpi/src/dpiEnvImpl.h
266 silly gunzTarPerm modified mode [ 'src/dpi/src/dpiEnvImpl.h', 420, 436 ]
267 silly gunzTarPerm extractEntry nan_maybe_pre_43_inl.h
268 silly gunzTarPerm extractEntry nan_new.h
269 silly gunzTarPerm extractEntry nan_object_wrap.h
270 silly gunzTarPerm extractEntry nan_persistent_12_inl.h
271 silly gunzTarPerm extractEntry src/dpi/src/dpiException.cpp
272 silly gunzTarPerm modified mode [ 'src/dpi/src/dpiException.cpp', 420, 436 ]
273 silly gunzTarPerm extractEntry src/dpi/src/dpiConnImpl.cpp
274 silly gunzTarPerm modified mode [ 'src/dpi/src/dpiConnImpl.cpp', 420, 436 ]
275 silly gunzTarPerm extractEntry nan_persistent_pre_12_inl.h
276 silly gunzTarPerm extractEntry nan_string_bytes.h
277 silly gunzTarPerm extractEntry src/dpi/src/dpiExceptionImpl.h
278 silly gunzTarPerm modified mode [ 'src/dpi/src/dpiExceptionImpl.h', 420, 436 ]
279 silly gunzTarPerm extractEntry src/dpi/src/dpiLob.cpp
280 silly gunzTarPerm modified mode [ 'src/dpi/src/dpiLob.cpp', 420, 436 ]
281 silly gunzTarPerm extractEntry nan_typedarray_contents.h
282 silly gunzTarPerm extractEntry nan_weak.h
283 silly gunzTarPerm extractEntry src/dpi/src/dpiPoolImpl.cpp
284 silly gunzTarPerm modified mode [ 'src/dpi/src/dpiPoolImpl.cpp', 420, 436 ]
285 silly gunzTarPerm extractEntry src/dpi/src/dpiPoolImpl.h
286 silly gunzTarPerm modified mode [ 'src/dpi/src/dpiPoolImpl.h', 420, 436 ]
287 silly gunzTarPerm extractEntry CHANGELOG.md
288 silly gunzTarPerm extractEntry tools/package.json
289 silly gunzTarPerm extractEntry src/dpi/src/dpiStmtImpl.cpp
290 silly gunzTarPerm modified mode [ 'src/dpi/src/dpiStmtImpl.cpp', 420, 436 ]
291 silly gunzTarPerm extractEntry tools/README.md
292 silly gunzTarPerm extractEntry tools/1to2.js
293 silly gunzTarPerm extractEntry src/dpi/src/dpiStmtImpl.h
294 silly gunzTarPerm modified mode [ 'src/dpi/src/dpiStmtImpl.h', 420, 436 ]
295 silly gunzTarPerm extractEntry src/dpi/src/dpiUtils.cpp
296 silly gunzTarPerm modified mode [ 'src/dpi/src/dpiUtils.cpp', 420, 436 ]
297 silly gunzTarPerm extractEntry src/dpi/src/dpiUtils.h
298 silly gunzTarPerm modified mode [ 'src/dpi/src/dpiUtils.h', 420, 436 ]
299 silly gunzTarPerm extractEntry src/njs/src/njsOracle.cpp
300 silly gunzTarPerm modified mode [ 'src/njs/src/njsOracle.cpp', 420, 436 ]
301 silly gunzTarPerm extractEntry src/njs/src/njsConnection.cpp
302 silly gunzTarPerm modified mode [ 'src/njs/src/njsConnection.cpp', 420, 436 ]
303 silly gunzTarPerm extractEntry src/njs/src/njsIntLob.cpp
304 silly gunzTarPerm modified mode [ 'src/njs/src/njsIntLob.cpp', 420, 436 ]
305 silly gunzTarPerm extractEntry src/njs/src/njsIntLob.h
306 silly gunzTarPerm modified mode [ 'src/njs/src/njsIntLob.h', 420, 436 ]
307 silly gunzTarPerm extractEntry src/njs/src/njsMessages.cpp
308 silly gunzTarPerm modified mode [ 'src/njs/src/njsMessages.cpp', 420, 436 ]
309 silly gunzTarPerm extractEntry src/njs/src/njsMessages.h
310 silly gunzTarPerm modified mode [ 'src/njs/src/njsMessages.h', 420, 436 ]
311 silly gunzTarPerm extractEntry src/njs/src/njsConnection.h
312 silly gunzTarPerm modified mode [ 'src/njs/src/njsConnection.h', 420, 436 ]
313 silly gunzTarPerm extractEntry src/njs/src/njsOracle.h
314 silly gunzTarPerm modified mode [ 'src/njs/src/njsOracle.h', 420, 436 ]
315 silly gunzTarPerm extractEntry src/njs/src/njsPool.cpp
316 silly gunzTarPerm modified mode [ 'src/njs/src/njsPool.cpp', 420, 436 ]
317 silly gunzTarPerm extractEntry src/njs/src/njsPool.h
318 silly gunzTarPerm modified mode [ 'src/njs/src/njsPool.h', 420, 436 ]
319 silly gunzTarPerm extractEntry src/njs/src/njsResultSet.cpp
320 silly gunzTarPerm modified mode [ 'src/njs/src/njsResultSet.cpp', 420, 436 ]
321 silly gunzTarPerm extractEntry src/njs/src/njsResultSet.h
322 silly gunzTarPerm modified mode [ 'src/njs/src/njsResultSet.h', 420, 436 ]
323 silly gunzTarPerm extractEntry src/njs/src/njsUtils.h
324 silly gunzTarPerm modified mode [ 'src/njs/src/njsUtils.h', 420, 436 ]
325 silly gentlyRm /home/wchen/learn/expjs/mets-server/node_modules/.staging/nan-affc03b9/node_modules is being purged
326 verbose gentlyRm don't care about contents; nuking /home/wchen/learn/expjs/mets-server/node_modules/.staging/nan-affc03b9/node_modules
327 silly gentlyRm /home/wchen/learn/expjs/mets-server/node_modules/.staging/oracledb-0611ac8a/node_modules is being purged
328 verbose gentlyRm don't care about contents; nuking /home/wchen/learn/expjs/mets-server/node_modules/.staging/oracledb-0611ac8a/node_modules
329 silly doParallel preinstall 2
330 silly preinstall nan@2.3.5 /home/wchen/learn/expjs/mets-server/node_modules/.staging/nan-affc03b9
331 info lifecycle nan@2.3.5~preinstall: nan@2.3.5
332 silly preinstall oracledb@1.11.0 /home/wchen/learn/expjs/mets-server/node_modules/.staging/oracledb-0611ac8a
333 info lifecycle oracledb@1.11.0~preinstall: oracledb@1.11.0
334 silly lifecycle nan@2.3.5~preinstall: no script for preinstall, continuing
335 silly lifecycle oracledb@1.11.0~preinstall: no script for preinstall, continuing
336 silly doReverseSerial remove 0
337 silly doSerial move 0
338 silly doSerial finalize 2
339 silly finalize /home/wchen/learn/expjs/mets-server/node_modules/nan
340 silly finalize /home/wchen/learn/expjs/mets-server/node_modules/oracledb
341 silly doSerial build 2
342 silly build nan@2.3.5
343 info linkStuff nan@2.3.5
344 silly linkStuff nan@2.3.5 has /home/wchen/learn/expjs/mets-server/node_modules as its parent node_modules
345 verbose linkBins nan@2.3.5
346 verbose linkMans nan@2.3.5
347 silly build oracledb@1.11.0
348 info linkStuff oracledb@1.11.0
349 silly linkStuff oracledb@1.11.0 has /home/wchen/learn/expjs/mets-server/node_modules as its parent node_modules
350 verbose linkBins oracledb@1.11.0
351 verbose linkMans oracledb@1.11.0
352 silly doSerial global-link 0
353 silly doParallel update-linked 0
354 silly doSerial install 2
355 silly install nan@2.3.5 /home/wchen/learn/expjs/mets-server/node_modules/.staging/nan-affc03b9
356 info lifecycle nan@2.3.5~install: nan@2.3.5
357 silly lifecycle nan@2.3.5~install: no script for install, continuing
358 silly install oracledb@1.11.0 /home/wchen/learn/expjs/mets-server/node_modules/.staging/oracledb-0611ac8a
359 info lifecycle oracledb@1.11.0~install: oracledb@1.11.0
360 verbose lifecycle oracledb@1.11.0~install: unsafe-perm in lifecycle true
361 verbose lifecycle oracledb@1.11.0~install: PATH: /usr/lib/node_modules/npm/bin/node-gyp-bin:/home/wchen/learn/expjs/mets-server/node_modules/oracledb/node_modules/.bin:/home/wchen/learn/expjs/mets-server/node_modules/.bin:/home/wchen/bin:/home/wchen/.local/bin:/usr/local/sbin:/usr/local/bin:/usr/sbin:/usr/bin:/sbin:/bin:/usr/games:/usr/local/games:/snap/bin
362 verbose lifecycle oracledb@1.11.0~install: CWD: /home/wchen/learn/expjs/mets-server/node_modules/oracledb
363 silly lifecycle oracledb@1.11.0~install: Args: [ '-c', 'node-gyp rebuild' ]
364 silly lifecycle oracledb@1.11.0~install: Returned: code: 1  signal: null
365 info lifecycle oracledb@1.11.0~install: Failed to exec install script
366 verbose unlock done using /home/wchen/.npm/_locks/staging-02d37c4599aa9796.lock for /home/wchen/learn/expjs/mets-server/node_modules/.staging
367 silly rollbackFailedOptional Starting
368 silly rollbackFailedOptional Finishing
369 silly runTopLevelLifecycles Finishing
370 silly install printInstalled
371 warn mets-server@1.0.0 No repository field.
372 verbose If you need help, you may report this error at:
372 verbose     <https://github.com/npm/npm/issues>
373 verbose stack Error: oracledb@1.11.0 install: `node-gyp rebuild`
373 verbose stack Exit status 1
373 verbose stack     at EventEmitter.<anonymous> (/usr/lib/node_modules/npm/lib/utils/lifecycle.js:255:16)
373 verbose stack     at emitTwo (events.js:106:13)
373 verbose stack     at EventEmitter.emit (events.js:191:7)
373 verbose stack     at ChildProcess.<anonymous> (/usr/lib/node_modules/npm/lib/utils/spawn.js:40:14)
373 verbose stack     at emitTwo (events.js:106:13)
373 verbose stack     at ChildProcess.emit (events.js:191:7)
373 verbose stack     at maybeClose (internal/child_process.js:877:16)
373 verbose stack     at Process.ChildProcess._handle.onexit (internal/child_process.js:226:5)
374 verbose pkgid oracledb@1.11.0
375 verbose cwd /home/wchen/learn/expjs/mets-server
376 error Linux 4.4.0-47-generic
377 error argv "/usr/bin/nodejs" "/usr/bin/npm" "install" "oracledb" "--save"
378 error node v6.9.1
379 error npm  v3.10.8
380 error code ELIFECYCLE
381 error oracledb@1.11.0 install: `node-gyp rebuild`
381 error Exit status 1
382 error Failed at the oracledb@1.11.0 install script 'node-gyp rebuild'.
382 error Make sure you have the latest version of node.js and npm installed.
382 error If you do, this is most likely a problem with the oracledb package,
382 error not with npm itself.
382 error Tell the author that this fails on your system:
382 error     node-gyp rebuild
382 error You can get information on how to open an issue for this project with:
382 error     npm bugs oracledb
382 error Or if that isn't available, you can get their info via:
382 error     npm owner ls oracledb
382 error There is likely additional logging output above.
383 verbose exit [ 1, true ]
